2016-06-08 03:10:54 Error: [Cake\View\Exception\MissingTemplateException] Template file "Tests\index.ctp" is missing.
Exception Attributes: array (
  'file' => 'Tests\\index.ctp',
)
Request URL: /tests/
Stack Trace:
#0 C:\xampp\htdocs\vcc\anhmh\admin\vendor\cakephp\cakephp\src\View\View.php(584): Cake\View\View->_getViewFileName(NULL)
#1 C:\xampp\htdocs\vcc\anhmh\admin\vendor\cakephp\cakephp\src\Controller\Controller.php(611): Cake\View\View->render(NULL, NULL)
#2 C:\xampp\htdocs\vcc\anhmh\admin\vendor\cakephp\cakephp\src\Routing\Dispatcher.php(120): Cake\Controller\Controller->render()
#3 C:\xampp\htdocs\vcc\anhmh\admin\vendor\cakephp\cakephp\src\Routing\Dispatcher.php(87): Cake\Routing\Dispatcher->_invoke(Object(App\Controller\TestsController))
#4 C:\xampp\htdocs\vcc\anhmh\admin\webroot\index.php(37): Cake\Routing\Dispatcher->dispatch(Object(Cake\Network\Request), Object(Cake\Network\Response))
#5 {main}


2016-06-08 03:22:47 Error: [Cake\Core\Exception\MissingPluginException] Plugin Api could not be found.
Exception Attributes: array (
  'plugin' => 'Api',
)
Stack Trace:
#0 C:\xampp\htdocs\vcc\anhmh\admin\config\bootstrap.php(194): Cake\Core\Plugin::load('Api')
#1 C:\xampp\htdocs\vcc\anhmh\admin\webroot\index.php(27): require('C:\\xampp\\htdocs...')
#2 {main}


2016-06-08 03:23:10 Error: [Cake\Core\Exception\MissingPluginException] Plugin Api.php could not be found.
Exception Attributes: array (
  'plugin' => 'Api.php',
)
Stack Trace:
#0 C:\xampp\htdocs\vcc\anhmh\admin\config\bootstrap.php(194): Cake\Core\Plugin::load('Api.php')
#1 C:\xampp\htdocs\vcc\anhmh\admin\webroot\index.php(27): require('C:\\xampp\\htdocs...')
#2 {main}


